<?xml version="1.0" encoding="UTF-8"?>
<!-- Generated by org.testng.reporters.JUnitXMLReporter -->
<testsuite ignored="0" hostname="User" failures="0" tests="4" name="Test" time="0.132" errors="0" timestamp="2019-12-02T22:40:35 GMT">
  <testcase classname="qaclickacademy.SeleniumTest" name="Browser" time="0.027"/>
  <testcase classname="qaclickacademy.SeleniumTest" name="Elements" time="0.0"/>
  <testcase classname="qaclickacademy.TestNGTest" name="Credit" time="0.001"/>
  <testcase classname="qaclickacademy.TestNGTest" name="Loan" time="0.001"/>
</testsuite> <!-- Test -->
