<?xml version="1.0" encoding="UTF-8"?>
<testng-results ignored="0" total="4" passed="4" failed="0" skipped="0">
  <reporter-output>
  </reporter-output>
  <suite started-at="2019-12-02T22:40:35 GMT" name="Suite" finished-at="2019-12-02T22:40:35 GMT" duration-ms="132">
    <groups>
    </groups>
    <test started-at="2019-12-02T22:40:35 GMT" name="Test" finished-at="2019-12-02T22:40:35 GMT" duration-ms="132">
      <class name="qaclickacademy.TestNGTest">
        <test-method signature="Credit()[pri:0, instance:qaclickacademy.TestNGTest@1e178745]" started-at="2019-12-02T22:40:35 GMT" name="Credit" finished-at="2019-12-02T22:40:35 GMT" duration-ms="1" status="PASS">
          <reporter-output>
          </reporter-output>
        </test-method> <!-- Credit -->
        <test-method signature="Loan()[pri:0, instance:qaclickacademy.TestNGTest@1e178745]" started-at="2019-12-02T22:40:35 GMT" name="Loan" finished-at="2019-12-02T22:40:35 GMT" duration-ms="1" status="PASS">
          <reporter-output>
          </reporter-output>
        </test-method> <!-- Loan -->
      </class> <!-- qaclickacademy.TestNGTest -->
      <class name="qaclickacademy.SeleniumTest">
        <test-method signature="Browser()[pri:0, instance:qaclickacademy.SeleniumTest@1f59a598]" started-at="2019-12-02T22:40:35 GMT" name="Browser" finished-at="2019-12-02T22:40:35 GMT" duration-ms="27" status="PASS">
          <reporter-output>
          </reporter-output>
        </test-method> <!-- Browser -->
        <test-method signature="Elements()[pri:0, instance:qaclickacademy.SeleniumTest@1f59a598]" started-at="2019-12-02T22:40:35 GMT" name="Elements" finished-at="2019-12-02T22:40:35 GMT" duration-ms="0" status="PASS">
          <reporter-output>
          </reporter-output>
        </test-method> <!-- Elements -->
      </class> <!-- qaclickacademy.SeleniumTest -->
    </test> <!-- Test -->
  </suite> <!-- Suite -->
</testng-results>
